更新日志
2019.5.7
修复BUG
1. 修正代码块中的头文件引入尖括号的问题
1. 修正圆括号会意外激活mathjax问题


2018.7.6
	取消project说明文件，将说明转移到readme文件中
	添加了若干语法的基础说明


2018.7.17
	更新语法，取消格式控制中的字体大小，字体颜色，背景色，对齐方式，表格边框控制.
	添加新语法：\cls{classnames}{content}来添加用户方便的对想要自定义格式的地方灵活使用css来自定义样式,classnames支持输入多个类名，用逗号分隔。
.
2018.7.20
	添加设计文档，确定程序结构

2018.7.22
	不再使用多态

2018.7.23
	更改程序架构，将所有的行内元素的转换全部置于`text.cpp`中.

2018.7.24
	完成程序绝大多数内容，还剩下Table标签的转换，以及将转化出来的html内容转换为一个完整的HTML文件

2018.8.9
	在输出的html文件中指定编码为utf8。

2018.8.10
	修复，无段落格式文本粘连的bug。

2018.8.14
	使用环境迁移到mint 19.
	新增makefile文件
	修复`` $$ 内部的所有显示不正常,会将`*code*`转换为<code><i>code</i></code>的bug.
		现在能正确的转换为<code>*code*</code>
	编译器版本从gcc 5.4调整到gcc 7.3
2018.8.18
	修改makefile，新增了vpath的使用
	重构main函数，使其支持新的参数列表。
		lmd [-c/-o <outfile>] [-css <value1,value2...>] [-char <caharset>] [-h] input
			-c参数		将结果输出到终端
			-o参数		将结果输出到指定文件，默认将会输出到与输入文件同名后缀为html的文件，如果有同名文件将会直接覆盖
			-css参数	指定要加入的css文件	
			-char参数	指定转换出来的html的字符集
			-h参数		打印这一段帮助信息
2018.08.20
	更新代码结构，使用继承移除重复代码，在document类中使用多态。
	优化feature，列表级引用需要空行表示结束。

2018.08.21
	修复列表项下缩进文本不会正确的属于列表项的bug
	修复行内代码中的\cls{}{}被转换的bug
	更新readme文件

2018.08.22
	修复行内代码中$符号引起的死循环

2018.08.23
	修复有序列表和无序列表直接嵌套不显示的BUG
2018.08.26
	砍掉可视化编辑器计划，用vscode插件替代，正在开发中
	将编译的警告级别开到最高，找出了三个隐藏问题
		main.cpp中有一个变量没有使用
		table.cpp中存在有符号数和无符号数的大小比较	
		Section的定义中继承来的虚函数Parse没有实现，因为没有实现，更改为纯虚函数。
	移除文件夹release
	确定版本号为1.0
2018.08.30
	优化程序结构，添加构造函数，以及允许从string到类的直接隐式转换。将`setContent`赋值全部使用构造函数替代

